<?xml version="1.0" encoding="UTF-8"?>
<!-- Generated by org.testng.reporters.JUnitReportReporter -->
<testsuite skipped="0" hostname="LAPTOP-PIMJNR2T" name="com.practice.selenium.SeleniumDemo1.SeleniumTest" tests="1" failures="0" timestamp="17 Jan 2020 15:05:23 GMT" time="10.168" errors="0">
  <testcase name="gmailLogin" time="10.168" classname="com.practice.selenium.SeleniumDemo1.SeleniumTest"/>
</testsuite> <!-- com.practice.selenium.SeleniumDemo1.SeleniumTest -->
